  main.cpp
c:\users\janke\onedrive\počítač\programko skuška\domace ulohy\domaca_uloha4\domaca_uloha4(1)\main.cpp(29): warning C4996: 'strcpy': This function or variable may be unsafe. Consider using strcpy_s instead. To disable deprecation, use _CRT_SECURE_NO_WARNINGS. See online help for details.
  c:\program files (x86)\windows kits\10\include\10.0.17763.0\ucrt\string.h(133): note: see declaration of 'strcpy'
  triedy.cpp
c:\users\janke\onedrive\počítač\programko skuška\domace ulohy\domaca_uloha4\domaca_uloha4(1)\triedy.cpp(7): warning C4996: 'strcpy': This function or variable may be unsafe. Consider using strcpy_s instead. To disable deprecation, use _CRT_SECURE_NO_WARNINGS. See online help for details.
  c:\program files (x86)\windows kits\10\include\10.0.17763.0\ucrt\string.h(133): note: see declaration of 'strcpy'
c:\users\janke\onedrive\počítač\programko skuška\domace ulohy\domaca_uloha4\domaca_uloha4(1)\triedy.cpp(15): warning C4996: 'strcpy': This function or variable may be unsafe. Consider using strcpy_s instead. To disable deprecation, use _CRT_SECURE_NO_WARNINGS. See online help for details.
  c:\program files (x86)\windows kits\10\include\10.0.17763.0\ucrt\string.h(133): note: see declaration of 'strcpy'
c:\users\janke\onedrive\počítač\programko skuška\domace ulohy\domaca_uloha4\domaca_uloha4(1)\triedy.cpp(63): warning C4996: 'strcpy': This function or variable may be unsafe. Consider using strcpy_s instead. To disable deprecation, use _CRT_SECURE_NO_WARNINGS. See online help for details.
  c:\program files (x86)\windows kits\10\include\10.0.17763.0\ucrt\string.h(133): note: see declaration of 'strcpy'
c:\users\janke\onedrive\počítač\programko skuška\domace ulohy\domaca_uloha4\domaca_uloha4(1)\triedy.cpp(71): warning C4996: 'strcpy': This function or variable may be unsafe. Consider using strcpy_s instead. To disable deprecation, use _CRT_SECURE_NO_WARNINGS. See online help for details.
  c:\program files (x86)\windows kits\10\include\10.0.17763.0\ucrt\string.h(133): note: see declaration of 'strcpy'
c:\users\janke\onedrive\počítač\programko skuška\domace ulohy\domaca_uloha4\domaca_uloha4(1)\triedy.cpp(72): warning C4996: 'strcpy': This function or variable may be unsafe. Consider using strcpy_s instead. To disable deprecation, use _CRT_SECURE_NO_WARNINGS. See online help for details.
  c:\program files (x86)\windows kits\10\include\10.0.17763.0\ucrt\string.h(133): note: see declaration of 'strcpy'
c:\users\janke\onedrive\počítač\programko skuška\domace ulohy\domaca_uloha4\domaca_uloha4(1)\triedy.cpp(79): warning C4996: 'strcpy': This function or variable may be unsafe. Consider using strcpy_s instead. To disable deprecation, use _CRT_SECURE_NO_WARNINGS. See online help for details.
  c:\program files (x86)\windows kits\10\include\10.0.17763.0\ucrt\string.h(133): note: see declaration of 'strcpy'
c:\users\janke\onedrive\počítač\programko skuška\domace ulohy\domaca_uloha4\domaca_uloha4(1)\triedy.cpp(87): warning C4996: 'strcpy': This function or variable may be unsafe. Consider using strcpy_s instead. To disable deprecation, use _CRT_SECURE_NO_WARNINGS. See online help for details.
  c:\program files (x86)\windows kits\10\include\10.0.17763.0\ucrt\string.h(133): note: see declaration of 'strcpy'
c:\users\janke\onedrive\počítač\programko skuška\domace ulohy\domaca_uloha4\domaca_uloha4(1)\triedy.cpp(93): warning C4996: 'strcpy': This function or variable may be unsafe. Consider using strcpy_s instead. To disable deprecation, use _CRT_SECURE_NO_WARNINGS. See online help for details.
  c:\program files (x86)\windows kits\10\include\10.0.17763.0\ucrt\string.h(133): note: see declaration of 'strcpy'
c:\users\janke\onedrive\počítač\programko skuška\domace ulohy\domaca_uloha4\domaca_uloha4(1)\triedy.cpp(98): warning C4996: 'strcpy': This function or variable may be unsafe. Consider using strcpy_s instead. To disable deprecation, use _CRT_SECURE_NO_WARNINGS. See online help for details.
  c:\program files (x86)\windows kits\10\include\10.0.17763.0\ucrt\string.h(133): note: see declaration of 'strcpy'
c:\users\janke\onedrive\počítač\programko skuška\domace ulohy\domaca_uloha4\domaca_uloha4(1)\triedy.cpp(107): warning C4996: 'strcpy': This function or variable may be unsafe. Consider using strcpy_s instead. To disable deprecation, use _CRT_SECURE_NO_WARNINGS. See online help for details.
  c:\program files (x86)\windows kits\10\include\10.0.17763.0\ucrt\string.h(133): note: see declaration of 'strcpy'
c:\users\janke\onedrive\počítač\programko skuška\domace ulohy\domaca_uloha4\domaca_uloha4(1)\triedy.cpp(108): warning C4996: 'strcpy': This function or variable may be unsafe. Consider using strcpy_s instead. To disable deprecation, use _CRT_SECURE_NO_WARNINGS. See online help for details.
  c:\program files (x86)\windows kits\10\include\10.0.17763.0\ucrt\string.h(133): note: see declaration of 'strcpy'
c:\users\janke\onedrive\počítač\programko skuška\domace ulohy\domaca_uloha4\domaca_uloha4(1)\triedy.cpp(122): warning C4996: 'strcpy': This function or variable may be unsafe. Consider using strcpy_s instead. To disable deprecation, use _CRT_SECURE_NO_WARNINGS. See online help for details.
  c:\program files (x86)\windows kits\10\include\10.0.17763.0\ucrt\string.h(133): note: see declaration of 'strcpy'
c:\users\janke\onedrive\počítač\programko skuška\domace ulohy\domaca_uloha4\domaca_uloha4(1)\triedy.cpp(130): warning C4996: 'strcpy': This function or variable may be unsafe. Consider using strcpy_s instead. To disable deprecation, use _CRT_SECURE_NO_WARNINGS. See online help for details.
  c:\program files (x86)\windows kits\10\include\10.0.17763.0\ucrt\string.h(133): note: see declaration of 'strcpy'
c:\users\janke\onedrive\počítač\programko skuška\domace ulohy\domaca_uloha4\domaca_uloha4(1)\triedy.cpp(154): warning C4996: 'strcpy': This function or variable may be unsafe. Consider using strcpy_s instead. To disable deprecation, use _CRT_SECURE_NO_WARNINGS. See online help for details.
  c:\program files (x86)\windows kits\10\include\10.0.17763.0\ucrt\string.h(133): note: see declaration of 'strcpy'
c:\users\janke\onedrive\počítač\programko skuška\domace ulohy\domaca_uloha4\domaca_uloha4(1)\triedy.cpp(160): warning C4996: 'strcpy': This function or variable may be unsafe. Consider using strcpy_s instead. To disable deprecation, use _CRT_SECURE_NO_WARNINGS. See online help for details.
  c:\program files (x86)\windows kits\10\include\10.0.17763.0\ucrt\string.h(133): note: see declaration of 'strcpy'
c:\users\janke\onedrive\počítač\programko skuška\domace ulohy\domaca_uloha4\domaca_uloha4(1)\triedy.cpp(187): warning C4996: 'strcpy': This function or variable may be unsafe. Consider using strcpy_s instead. To disable deprecation, use _CRT_SECURE_NO_WARNINGS. See online help for details.
  c:\program files (x86)\windows kits\10\include\10.0.17763.0\ucrt\string.h(133): note: see declaration of 'strcpy'
c:\users\janke\onedrive\počítač\programko skuška\domace ulohy\domaca_uloha4\domaca_uloha4(1)\triedy.cpp(202): warning C4996: 'strcpy': This function or variable may be unsafe. Consider using strcpy_s instead. To disable deprecation, use _CRT_SECURE_NO_WARNINGS. See online help for details.
  c:\program files (x86)\windows kits\10\include\10.0.17763.0\ucrt\string.h(133): note: see declaration of 'strcpy'
  Generating Code...
  domaca_uloha4(1).vcxproj -> C:\Users\janke\OneDrive\Počítač\programko skuška\domace ulohy\domaca_uloha4\domaca_uloha4(1)\Debug\domaca_uloha4(1).exe
